mode: set
github.com/GSabadini/go-transactions/domain/account.go:39.75,47.2 1 0
github.com/GSabadini/go-transactions/domain/account.go:50.30,52.2 1 0
github.com/GSabadini/go-transactions/domain/account.go:55.38,57.2 1 0
github.com/GSabadini/go-transactions/domain/account.go:60.40,62.2 1 0
github.com/GSabadini/go-transactions/domain/account.go:65.35,67.2 1 0
github.com/GSabadini/go-transactions/domain/operation.go:29.49,54.12 3 1
github.com/GSabadini/go-transactions/domain/operation.go:58.2,58.41 1 1
github.com/GSabadini/go-transactions/domain/operation.go:54.12,56.3 1 1
github.com/GSabadini/go-transactions/domain/operation.go:62.32,64.2 1 0
github.com/GSabadini/go-transactions/domain/operation.go:67.41,69.2 1 0
github.com/GSabadini/go-transactions/domain/operation.go:72.34,74.2 1 0
github.com/GSabadini/go-transactions/domain/transaction.go:25.109,26.24 1 1
github.com/GSabadini/go-transactions/domain/transaction.go:30.2,36.3 1 1
github.com/GSabadini/go-transactions/domain/transaction.go:26.24,28.3 1 1
github.com/GSabadini/go-transactions/domain/transaction.go:40.34,42.2 1 0
github.com/GSabadini/go-transactions/domain/transaction.go:45.41,47.2 1 0
github.com/GSabadini/go-transactions/domain/transaction.go:50.44,52.2 1 0
github.com/GSabadini/go-transactions/domain/transaction.go:55.39,57.2 1 1
github.com/GSabadini/go-transactions/domain/transaction.go:60.44,62.2 1 0
github.com/GSabadini/go-transactions/usecase/create_account.go:53.24,59.2 1 1
github.com/GSabadini/go-transactions/usecase/create_account.go:62.114,71.16 4 1
github.com/GSabadini/go-transactions/usecase/create_account.go:75.2,75.35 1 1
github.com/GSabadini/go-transactions/usecase/create_account.go:71.16,73.3 1 1
github.com/GSabadini/go-transactions/usecase/create_transaction.go:57.28,63.2 1 1
github.com/GSabadini/go-transactions/usecase/create_transaction.go:66.126,71.16 4 1
github.com/GSabadini/go-transactions/usecase/create_transaction.go:75.2,82.16 2 1
github.com/GSabadini/go-transactions/usecase/create_transaction.go:86.2,86.39 1 1
github.com/GSabadini/go-transactions/usecase/create_transaction.go:71.16,73.3 1 1
github.com/GSabadini/go-transactions/usecase/create_transaction.go:82.16,84.3 1 1
github.com/GSabadini/go-transactions/usecase/find_account_by_id.go:50.26,56.2 1 1
github.com/GSabadini/go-transactions/usecase/find_account_by_id.go:59.120,64.16 4 1
github.com/GSabadini/go-transactions/usecase/find_account_by_id.go:68.2,68.35 1 1
github.com/GSabadini/go-transactions/usecase/find_account_by_id.go:64.16,66.3 1 1
github.com/GSabadini/go-transactions/adapter/presenter/create_account.go:13.65,15.2 1 1
github.com/GSabadini/go-transactions/adapter/presenter/create_account.go:18.92,26.2 1 1
github.com/GSabadini/go-transactions/adapter/presenter/create_transaction.go:13.73,15.2 1 1
github.com/GSabadini/go-transactions/adapter/presenter/create_transaction.go:18.108,30.2 1 1
github.com/GSabadini/go-transactions/adapter/presenter/find_account_by_id.go:13.69,15.2 1 1
github.com/GSabadini/go-transactions/adapter/presenter/find_account_by_id.go:18.96,26.2 1 1
github.com/GSabadini/go-transactions/adapter/api/middleware/correlation_id.go:12.40,14.2 1 1
github.com/GSabadini/go-transactions/adapter/api/middleware/correlation_id.go:16.95,19.14 3 1
github.com/GSabadini/go-transactions/adapter/api/middleware/correlation_id.go:23.2,27.22 4 1
github.com/GSabadini/go-transactions/adapter/api/middleware/correlation_id.go:19.14,21.3 1 1
github.com/GSabadini/go-transactions/adapter/api/handler/create_account.go:27.24,33.2 1 1
github.com/GSabadini/go-transactions/adapter/api/handler/create_account.go:36.78,38.63 2 1
github.com/GSabadini/go-transactions/adapter/api/handler/create_account.go:43.2,45.50 2 1
github.com/GSabadini/go-transactions/adapter/api/handler/create_account.go:52.2,53.16 2 1
github.com/GSabadini/go-transactions/adapter/api/handler/create_account.go:65.2,66.57 2 1
github.com/GSabadini/go-transactions/adapter/api/handler/create_account.go:38.63,42.3 3 0
github.com/GSabadini/go-transactions/adapter/api/handler/create_account.go:45.50,50.3 4 1
github.com/GSabadini/go-transactions/adapter/api/handler/create_account.go:53.16,55.14 2 1
github.com/GSabadini/go-transactions/adapter/api/handler/create_account.go:56.39,58.10 2 1
github.com/GSabadini/go-transactions/adapter/api/handler/create_account.go:59.11,61.10 2 1
github.com/GSabadini/go-transactions/adapter/api/handler/create_transaction.go:27.28,33.2 1 1
github.com/GSabadini/go-transactions/adapter/api/handler/create_transaction.go:36.82,38.63 2 1
github.com/GSabadini/go-transactions/adapter/api/handler/create_transaction.go:43.2,45.50 2 1
github.com/GSabadini/go-transactions/adapter/api/handler/create_transaction.go:52.2,53.16 2 1
github.com/GSabadini/go-transactions/adapter/api/handler/create_transaction.go:65.2,66.57 2 1
github.com/GSabadini/go-transactions/adapter/api/handler/create_transaction.go:38.63,42.3 3 0
github.com/GSabadini/go-transactions/adapter/api/handler/create_transaction.go:45.50,50.3 4 1
github.com/GSabadini/go-transactions/adapter/api/handler/create_transaction.go:53.16,55.14 2 1
github.com/GSabadini/go-transactions/adapter/api/handler/create_transaction.go:56.35,58.10 2 1
github.com/GSabadini/go-transactions/adapter/api/handler/create_transaction.go:59.11,61.10 2 1
github.com/GSabadini/go-transactions/adapter/api/handler/find_account_by_id.go:20.107,25.2 1 1
github.com/GSabadini/go-transactions/adapter/api/handler/find_account_by_id.go:28.80,31.14 2 1
github.com/GSabadini/go-transactions/adapter/api/handler/find_account_by_id.go:36.2,37.16 2 1
github.com/GSabadini/go-transactions/adapter/api/handler/find_account_by_id.go:49.2,50.52 2 1
github.com/GSabadini/go-transactions/adapter/api/handler/find_account_by_id.go:31.14,34.3 2 1
github.com/GSabadini/go-transactions/adapter/api/handler/find_account_by_id.go:37.16,39.14 2 1
github.com/GSabadini/go-transactions/adapter/api/handler/find_account_by_id.go:40.34,42.10 2 1
github.com/GSabadini/go-transactions/adapter/api/handler/find_account_by_id.go:43.11,45.10 2 1
